#
# A fatal error has been detected by the Java Runtime Environment:
#
#  EXCEPTION_ACCESS_VIOLATION (0xc0000005) at pc=0x0000000078c3b20b, pid=1212, tid=5044
#
# JRE version: 6.0_17-b04
# Java VM: Java HotSpot(TM) 64-Bit Server VM (14.3-b01 mixed mode windows-amd64 )
# Problematic frame:
# C  0x0000000078c3b20b
#
# If you would like to submit a bug report, please visit:
#   http://java.sun.com/webapps/bugreport/crash.jsp
#

---------------  T H R E A D  ---------------

Current thread (0x0000000034300800):  GCTaskThread [stack: 0x0000000057a40000,0x000000005ba40000] [id=5044]

siginfo: ExceptionCode=0xc0000005, reading address 0x0000000200000000

Registers:
EAX=0x000000000006e701, EBX=0x000000004b1b3f40, ECX=0x0000000063a800a0, EDX=0x0000000049be6562
ESP=0x000000005ba3fa70, EBP=0x000000000006e7d0, ESI=0x000000000006e802, EDI=0x000000004b1b4028
EIP=0x0000000078c3b20b, EFLAGS=0x0000000000010202

Top of Stack: (sp=0x000000005ba3fa70)
0x000000005ba3fa70:   0000000049be6562 0000000078c3dabb
0x000000005ba3fa80:   0000000049be6562 0000000000000000
0x000000005ba3fa90:   000000005ba3fb01 00000000933e2ca1
0x000000005ba3faa0:   00000000d80036e0 0000000049be6562
0x000000005ba3fab0:   00000000933f2ca1 0000000049be6562
0x000000005ba3fac0:   00000000933e2ca1 0000000078c3aa4f
0x000000005ba3fad0:   0000000049be6562 0000000034301418
0x000000005ba3fae0:   0000000034301040 00000000c42ac200
0x000000005ba3faf0:   0000000000000000 0000000078c3de8b
0x000000005ba3fb00:   000000000000000b 0000000000000003
0x000000005ba3fb10:   0000000034302a90 00000000343acb50
0x000000005ba3fb20:   0000000003b62220 0000000049be6562
0x000000005ba3fb30:   00000000c42ac200 00000000789fb324
0x000000005ba3fb40:   0000000034301030 00000000342fb7d0
0x000000005ba3fb50:   00000000c42ac200 0000000000000000
0x000000005ba3fb60:   0000000078d95e70 00000000789fbf90 

Instructions: (pc=0x0000000078c3b20b)
0x0000000078c3b1fb:   74 68 4c 3b 05 5c 4d 21 00 0f 93 c0 84 c0 74 5a
0x0000000078c3b20b:   49 8b 00 24 03 3c 03 75 46 4d 8b 00 44 38 3d d3 


Stack: [0x0000000057a40000,0x000000005ba40000],  sp=0x000000005ba3fa70,  free space=65534k
Native frames: (J=compiled Java code, j=interpreted, Vv=VM code, C=native code)
C  0x0000000078c3b20b

[error occurred during error reporting (printing native stack), id 0xc0000005]


---------------  P R O C E S S  ---------------

Java Threads: ( => current thread )
  0x00000000c43b8800 JavaThread "pool-1-thread-1" [_thread_blocked, id=3276, stack(0x00000000eff40000,0x00000000f3f40000)]
  0x00000000c43bd000 JavaThread "Swing-Shell" daemon [_thread_blocked, id=4800, stack(0x0000000127f40000,0x000000012bf40000)]
  0x00000000c43c0000 JavaThread "pool-2-thread-1" [_thread_blocked, id=808, stack(0x000000001aa10000,0x000000001ea10000)]
  0x00000000c43b7000 JavaThread "Prefs Updater" daemon [_thread_blocked, id=2012, stack(0x000000011bf40000,0x000000011ff40000)]
  0x00000000c43c0800 JavaThread "Timer-2" daemon [_thread_blocked, id=3848, stack(0x0000000123f40000,0x0000000127f40000)]
  0x00000000c43b5800 JavaThread "com.jniwrapper.NativeResourceCollector" daemon [_thread_blocked, id=4684, stack(0x0000000117f40000,0x000000011bf40000)]
  0x00000000714c9800 JavaThread "Code Analyzer updating thread" [_thread_blocked, id=3356, stack(0x0000000103f40000,0x0000000107f40000)]
  0x00000000714c7800 JavaThread "Code Analyzer updating thread" [_thread_blocked, id=2984, stack(0x00000000fff40000,0x0000000103f40000)]
  0x00000000714c6000 JavaThread "Code Analyzer updating thread" [_thread_blocked, id=1148, stack(0x00000000fbf40000,0x00000000fff40000)]
  0x00000000714d3800 JavaThread "Active Reference Queue Daemon" daemon [_thread_blocked, id=4524, stack(0x00000000ebf40000,0x00000000eff40000)]
  0x00000000714c5800 JavaThread "Timer-1" daemon [_thread_blocked, id=4072, stack(0x00000000e7f40000,0x00000000ebf40000)]
  0x00000000714d2800 JavaThread "ClipboardMonitor Timer" daemon [_thread_blocked, id=2428, stack(0x00000000e3f40000,0x00000000e7f40000)]
  0x00000000714d1800 JavaThread "Explorer NavigationContext request queue" daemon [_thread_blocked, id=3172, stack(0x00000000dff40000,0x00000000e3f40000)]
  0x00000000714c8000 JavaThread "AddressBar directory emptiness poller" daemon [_thread_blocked, id=3648, stack(0x00000000d3f40000,0x00000000d7f40000)]
  0x00000000714d0000 JavaThread "Explorer Refresh Service 815877764" daemon [_thread_blocked, id=2596, stack(0x00000000cff40000,0x00000000d3f40000)]
  0x00000000714d3000 JavaThread "Thread-4" daemon [_thread_blocked, id=2392, stack(0x00000000c7f40000,0x00000000cbf40000)]
  0x00000000714cc800 JavaThread "TimerQueue" daemon [_thread_blocked, id=2476, stack(0x00000000c0000000,0x00000000c4000000)]
  0x00000000714ce000 JavaThread "Thread-3" daemon [_thread_blocked, id=2904, stack(0x00000000b0000000,0x00000000b4000000)]
  0x00000000714cc000 JavaThread "FelixPackageAdmin" daemon [_thread_blocked, id=2452, stack(0x00000000bc000000,0x00000000c0000000)]
  0x00000000714cb000 JavaThread "FelixStartLevel" daemon [_thread_blocked, id=4316, stack(0x00000000b8000000,0x00000000bc000000)]
  0x00000000714cf800 JavaThread "FelixDispatchQueue" daemon [_thread_blocked, id=4420, stack(0x00000000b4000000,0x00000000b8000000)]
  0x0000000063b12800 JavaThread "AWT-EventQueue-0" [_thread_blocked, id=4472, stack(0x00000000ac000000,0x00000000b0000000)]
  0x0000000063b12000 JavaThread "com.google.common.base.internal.Finalizer" daemon [_thread_blocked, id=3724, stack(0x00000000a8000000,0x00000000ac000000)]
  0x0000000063b14800 JavaThread "AWT-Windows" daemon [_thread_blocked, id=2568, stack(0x00000000a0000000,0x00000000a4000000)]
  0x0000000063b14000 JavaThread "AWT-Shutdown" [_thread_blocked, id=3560, stack(0x000000009c000000,0x00000000a0000000)]
  0x0000000063b0f000 JavaThread "Java2D Disposer" daemon [_thread_blocked, id=3572, stack(0x0000000098000000,0x000000009c000000)]
  0x0000000063b10800 JavaThread "Timer-0" [_thread_blocked, id=5000, stack(0x0000000094000000,0x0000000098000000)]
  0x0000000063b0f800 JavaThread "EventMgr Dispatcher" daemon [_thread_in_native, id=5116, stack(0x0000000090000000,0x0000000094000000)]
  0x0000000063b15800 JavaThread "Low Memory Detector" daemon [_thread_blocked, id=2892, stack(0x0000000088000000,0x000000008c000000)]
  0x0000000063b44800 JavaThread "CompilerThread1" daemon [_thread_blocked, id=3984, stack(0x0000000084000000,0x0000000088000000)]
  0x0000000063b3b000 JavaThread "CompilerThread0" daemon [_thread_blocked, id=3900, stack(0x0000000080000000,0x0000000084000000)]
  0x0000000063b0e000 JavaThread "Attach Listener" daemon [_thread_blocked, id=4520, stack(0x000000007bc70000,0x000000007fc70000)]
  0x00000000343d4800 JavaThread "Finalizer" daemon [_thread_blocked, id=4820, stack(0x000000006bcb0000,0x000000006fcb0000)]
  0x0000000063b05800 JavaThread "Reference Handler" daemon [_thread_blocked, id=4992, stack(0x0000000067c40000,0x000000006bc40000)]
  0x00000000342ef000 JavaThread "main" [_thread_blocked, id=2588, stack(0x0000000000040000,0x0000000004040000)]

Other Threads:
  0x0000000063b01800 VMThread [stack: 0x0000000063c40000,0x0000000067c40000] [id=5024]
  0x0000000063b81800 WatcherThread [stack: 0x000000008c000000,0x0000000090000000] [id=4104]

=>0x0000000034300800 (exited) GCTaskThread [stack: 0x0000000057a40000,0x000000005ba40000] [id=5044]

VM state:at safepoint (normal execution)

VM Mutex/Monitor currently owned by a thread:  ([mutex/lock_event])
[0x000000000782e2f0] Threads_lock - owner thread: 0x0000000063b01800
[0x000000000782e0f0] Heap_lock - owner thread: 0x0000000063b12800

Heap
 PSYoungGen      total 38016K, used 31910K [0x0000000048800000, 0x000000004b900000, 0x000000004b900000)
  eden space 26624K, 100% used [0x0000000048800000,0x000000004a200000,0x000000004a200000)
  from space 11392K, 46% used [0x000000004a200000,0x000000004a729a68,0x000000004ad20000)
  to   space 11264K, 69% used [0x000000004ae00000,0x000000004b5ac748,0x000000004b900000)
 PSOldGen        total 150528K, used 134533K [0x000000003f500000, 0x0000000048800000, 0x0000000048800000)
  object space 150528K, 89% used [0x000000003f500000,0x00000000478615b8,0x0000000048800000)
 PSPermGen       total 131072K, used 78926K [0x0000000037500000, 0x000000003f500000, 0x000000003f500000)
  object space 131072K, 60% used [0x0000000037500000,0x000000003c213938,0x000000003f500000)

Dynamic libraries:
0x0000000140000000 - 0x0000000140028000 	C:\Program Files\MATLAB\R2013a\bin\win64\MATLAB.exe
0x000007fcba580000 - 0x000007fcba740000 	C:\Windows\SYSTEM32\ntdll.dll
0x000007fcb85a0000 - 0x000007fcb86d7000 	C:\Windows\system32\KERNEL32.DLL
0x000007fcb7810000 - 0x000007fcb7904000 	C:\Windows\system32\KERNELBASE.dll
0x0000000074460000 - 0x0000000074515000 	C:\Program Files\MATLAB\R2013a\bin\win64\libut.dll
0x0000000073f70000 - 0x0000000074112000 	C:\Program Files\MATLAB\R2013a\bin\win64\libmwfl.dll
0x0000000180000000 - 0x000000018032f000 	C:\Program Files\MATLAB\R2013a\bin\win64\libmwservices.dll
0x0000000074970000 - 0x0000000074a18000 	C:\Program Files\MATLAB\R2013a\bin\win64\mcr.dll
0x0000000004330000 - 0x0000000004486000 	C:\Program Files\MATLAB\R2013a\bin\win64\mvm.dll
0x0000000076e60000 - 0x0000000076ef8000 	C:\Program Files\MATLAB\R2013a\bin\win64\MSVCP100.dll
0x0000000076d80000 - 0x0000000076e52000 	C:\Program Files\MATLAB\R2013a\bin\win64\MSVCR100.dll
0x00000000758a0000 - 0x000000007595f000 	C:\Program Files\MATLAB\R2013a\bin\win64\libmwi18n.dll
0x00000000040f0000 - 0x0000000004111000 	C:\Program Files\MATLAB\R2013a\bin\win64\libmwmfl_scalar.dll
0x0000000076d70000 - 0x0000000076d79000 	C:\Program Files\MATLAB\R2013a\bin\win64\boost_system-vc100-mt-1_49.dll
0x0000000076d50000 - 0x0000000076d61000 	C:\Program Files\MATLAB\R2013a\bin\win64\boost_thread-vc100-mt-1_49.dll
0x000007fca6f30000 - 0x000007fca6fbc000 	C:\Program Files\MATLAB\R2013a\bin\win64\boost_log-vc100-mt-1_49.dll
0x0000000076c10000 - 0x0000000076d4e000 	C:\Program Files\MATLAB\R2013a\bin\win64\icuuc49.dll
0x0000000076c00000 - 0x0000000076c10000 	C:\Program Files\MATLAB\R2013a\bin\win64\icuio49.dll
0x000007fca6ef0000 - 0x000007fca6f23000 	C:\Program Files\MATLAB\R2013a\bin\win64\tbb.dll
0x000007fcb7a50000 - 0x000007fcb7a57000 	C:\Windows\system32\PSAPI.DLL
0x000007fcb5660000 - 0x000007fcb57c3000 	C:\Windows\SYSTEM32\dbghelp.dll
0x000007fcba0b0000 - 0x000007fcba18e000 	C:\Windows\system32\ADVAPI32.dll
0x000007fcba310000 - 0x000007fcba45c000 	C:\Windows\system32\USER32.dll
0x0000000000020000 - 0x000000000002d000 	C:\Program Files\MATLAB\R2013a\bin\win64\libmwresource_core.dll
0x000000007a350000 - 0x000000007a737000 	C:\Program Files\MATLAB\R2013a\bin\win64\libmwMATLAB_res.dll
0x0000000076bf0000 - 0x0000000076bfe000 	C:\Program Files\MATLAB\R2013a\bin\win64\boost_date_time-vc100-mt-1_49.dll
0x0000000076bc0000 - 0x0000000076bec000 	C:\Program Files\MATLAB\R2013a\bin\win64\boost_filesystem-vc100-mt-1_49.dll
0x0000000076ae0000 - 0x0000000076bbf000 	C:\Program Files\MATLAB\R2013a\bin\win64\boost_regex-vc100-mt-1_49.dll
0x0000000076ac0000 - 0x0000000076ad1000 	C:\Program Files\MATLAB\R2013a\bin\win64\boost_signals-vc100-mt-1_49.dll
0x000007fcb7a20000 - 0x000007fcb7a34000 	C:\Windows\system32\imagehlp.dll
0x000007fcb73d0000 - 0x000007fcb7413000 	C:\Windows\SYSTEM32\POWRPROF.dll
0x0000000075a20000 - 0x0000000075b0b000 	C:\Program Files\MATLAB\R2013a\bin\win64\libmx.dll
0x0000000004190000 - 0x00000000041de000 	C:\Program Files\MATLAB\R2013a\bin\win64\libmwregexp.dll
0x0000000075f10000 - 0x0000000075f57000 	C:\Program Files\MATLAB\R2013a\bin\win64\mpath.dll
0x000000007b680000 - 0x000000007bc66000 	C:\Program Files\MATLAB\R2013a\bin\win64\mlutil.dll
0x00000000041e0000 - 0x0000000004202000 	C:\Program Files\MATLAB\R2013a\bin\win64\libmwMATLAB_settings_res.dll
0x0000000004210000 - 0x0000000004216000 	C:\Program Files\MATLAB\R2013a\bin\win64\libmwnativedisplay.dll
0x000007fca6ee0000 - 0x000007fca6ef0000 	C:\Program Files\MATLAB\R2013a\bin\win64\boost_iostreams-vc100-mt-1_49.dll
0x000007fca6e90000 - 0x000007fca6ed6000 	C:\Program Files\MATLAB\R2013a\bin\win64\boost_serialization-vc100-mt-1_49.dll
0x000007fcb7500000 - 0x000007fcb75a4000 	C:\Windows\WinSxS\amd64_microsoft.windows.common-controls_6595b64144ccf1df_5.82.9200.16384_none_7762d5fd3178b04e\COMCTL32.dll
0x000007fcb7970000 - 0x000007fcb7a11000 	C:\Windows\system32\COMDLG32.dll
0x000007fcb57d0000 - 0x000007fcb57e5000 	C:\Windows\SYSTEM32\NETAPI32.dll
0x000007fcba2b0000 - 0x000007fcba308000 	C:\Windows\system32\WS2_32.dll
0x0000000076870000 - 0x0000000076ab1000 	C:\Program Files\MATLAB\R2013a\bin\win64\xerces-c_2_7.dll
0x000007fcb8890000 - 0x000007fcb9b70000 	C:\Windows\system32\SHELL32.dll
0x000007fcb7f00000 - 0x000007fcb807e000 	C:\Windows\system32\ole32.dll
0x000007fcb8330000 - 0x000007fcb83f3000 	C:\Windows\system32\OLEAUT32.dll
0x0000000075000000 - 0x00000000753b1000 	C:\Program Files\MATLAB\R2013a\bin\win64\iqm.dll
0x0000000079fb0000 - 0x0000000079fdf000 	C:\Program Files\MATLAB\R2013a\bin\win64\libmwbridge.dll
0x0000000004490000 - 0x00000000044b4000 	C:\Program Files\MATLAB\R2013a\bin\win64\libmex.dll
0x0000000074e80000 - 0x0000000074f30000 	C:\Program Files\MATLAB\R2013a\bin\win64\m_dispatcher.dll
0x000000007b0a0000 - 0x000000007b2f6000 	C:\Program Files\MATLAB\R2013a\bin\win64\mcos.dll
0x0000000073cc0000 - 0x0000000073e0e000 	C:\Program Files\MATLAB\R2013a\bin\win64\libmwgui.dll
0x00000000044c0000 - 0x0000000004e03000 	C:\Program Files\MATLAB\R2013a\bin\win64\hg.dll
0x0000000004e10000 - 0x0000000004efb000 	C:\Program Files\MATLAB\R2013a\bin\win64\hgutils.dll
0x0000000004f00000 - 0x0000000005708000 	C:\Program Files\MATLAB\R2013a\bin\win64\m_interpreter.dll
0x0000000075710000 - 0x00000000757d8000 	C:\Program Files\MATLAB\R2013a\bin\win64\jmi.dll
0x0000000005710000 - 0x00000000057be000 	C:\Program Files\MATLAB\R2013a\bin\win64\udd_mi.dll
0x00000000057c0000 - 0x0000000005a8e000 	C:\Program Files\MATLAB\R2013a\bin\win64\uiw.dll
0x000000007a1f0000 - 0x000000007a20d000 	C:\Program Files\MATLAB\R2013a\bin\win64\mwoles05.DLL
0x0000000005a90000 - 0x0000000005afc000 	C:\Program Files\MATLAB\R2013a\bin\win64\comcli.dll
0x0000000004220000 - 0x000000000422c000 	C:\Program Files\MATLAB\R2013a\bin\win64\mlautoregister.dll
0x000007fcb81e0000 - 0x000007fcb8321000 	C:\Windows\system32\GDI32.dll
0x0000000076840000 - 0x0000000076865000 	C:\Program Files\MATLAB\R2013a\bin\win64\LIBEXPAT.dll
0x00000000766b0000 - 0x000000007683a000 	C:\Program Files\MATLAB\R2013a\bin\win64\icuin49.dll
0x0000000005b10000 - 0x0000000006c32000 	C:\Program Files\MATLAB\R2013a\bin\win64\icudt49.dll
0x000007fcb9b70000 - 0x000007fcb9c15000 	C:\Windows\system32\msvcrt.dll
0x000007fcb9ec0000 - 0x000007fcb9f08000 	C:\Windows\SYSTEM32\sechost.dll
0x000007fcb9f60000 - 0x000007fcba0a5000 	C:\Windows\system32\RPCRT4.dll
0x000007fca6e60000 - 0x000007fca6e88000 	C:\Program Files\MATLAB\R2013a\bin\win64\tbbmalloc.dll
0x0000000075560000 - 0x0000000075577000 	C:\Program Files\MATLAB\R2013a\bin\win64\zlib1.dll
0x00000000754d0000 - 0x0000000075547000 	C:\Program Files\MATLAB\R2013a\bin\win64\xmlcore.dll
0x000007fcb9f10000 - 0x000007fcb9f60000 	C:\Windows\system32\SHLWAPI.dll
0x000007fcb6de0000 - 0x000007fcb6dee000 	C:\Windows\SYSTEM32\netutils.dll
0x000007fcb6ff0000 - 0x000007fcb7014000 	C:\Windows\SYSTEM32\srvcli.dll
0x000007fcb53f0000 - 0x000007fcb5405000 	C:\Windows\SYSTEM32\wkscli.dll
0x000007fcba2a0000 - 0x000007fcba2a9000 	C:\Windows\system32\NSI.dll
0x000007fcb86e0000 - 0x000007fcb8890000 	C:\Windows\SYSTEM32\combase.dll
0x0000000074f40000 - 0x0000000074ff6000 	C:\Program Files\MATLAB\R2013a\bin\win64\udd.dll
0x0000000006c60000 - 0x0000000006c84000 	C:\Program Files\MATLAB\R2013a\bin\win64\graphics_util.dll
0x0000000076100000 - 0x000000007615a000 	C:\Program Files\MATLAB\R2013a\bin\win64\libmat.dll
0x00000000761c0000 - 0x0000000076200000 	C:\Program Files\MATLAB\R2013a\bin\win64\libmwhardcopy.dll
0x0000000075c70000 - 0x0000000075cce000 	C:\Program Files\MATLAB\R2013a\bin\win64\libuij.dll
0x0000000072f50000 - 0x000000007318f000 	C:\Program Files\MATLAB\R2013a\bin\win64\hgdatatypes.dll
0x0000000075820000 - 0x000000007589e000 	C:\Program Files\MATLAB\R2013a\bin\win64\libmwlapack.dll
0x0000000006c90000 - 0x0000000006cc6000 	C:\Program Files\MATLAB\R2013a\bin\win64\libmwgbtutils.dll
0x0000000006cd0000 - 0x0000000006ce4000 	C:\Program Files\MATLAB\R2013a\bin\win64\libmwgbt.dll
0x0000000006cf0000 - 0x000000000724d000 	C:\Program Files\MATLAB\R2013a\bin\win64\mfc100.dll
0x000007fcb3d20000 - 0x000007fcb3d9d000 	C:\Windows\SYSTEM32\WINSPOOL.DRV
0x0000000075430000 - 0x00000000754ab000 	C:\Program Files\MATLAB\R2013a\bin\win64\profiler.dll
0x0000000007250000 - 0x00000000074d3000 	C:\Program Files\MATLAB\R2013a\bin\win64\libmwmathutil.dll
0x0000000079f40000 - 0x0000000079f66000 	C:\Program Files\MATLAB\R2013a\bin\win64\libmwmathrng.dll
0x000000007a1b0000 - 0x000000007a1d0000 	C:\Program Files\MATLAB\R2013a\bin\win64\m_pcodeio.dll
0x0000000079b10000 - 0x0000000079b6c000 	C:\Program Files\MATLAB\R2013a\bin\win64\m_ir.dll
0x0000000078ed0000 - 0x0000000079579000 	C:\Program Files\MATLAB\R2013a\bin\win64\m_parser.dll
0x000000007a130000 - 0x000000007a158000 	C:\Program Files\MATLAB\R2013a\bin\win64\m_pcodegen.dll
0x00000000074e0000 - 0x0000000007543000 	C:\Program Files\MATLAB\R2013a\bin\win64\libmwspmatrix.dll
0x0000000007550000 - 0x000000000755e000 	C:\Program Files\MATLAB\R2013a\bin\win64\nativejava_services.dll
0x0000000007560000 - 0x0000000007569000 	C:\Program Files\MATLAB\R2013a\bin\win64\uinone.dll
0x0000000007570000 - 0x0000000007596000 	C:\Program Files\MATLAB\R2013a\bin\win64\libmwnativefiledialogs.dll
0x000007fcb3c80000 - 0x000007fcb3c97000 	C:\Windows\SYSTEM32\MPR.dll
0x00000000075a0000 - 0x00000000075cb000 	C:\Program Files\MATLAB\R2013a\bin\win64\ATL100.DLL
0x000007fca69c0000 - 0x000007fca6a78000 	C:\Program Files\MATLAB\R2013a\bin\win64\libtex_base.dll
0x0000000072d30000 - 0x0000000072f38000 	C:\Program Files\MATLAB\R2013a\bin\win64\hdf5dll.dll
0x000000007a310000 - 0x000000007a325000 	C:\Program Files\MATLAB\R2013a\bin\win64\libmwbinder.dll
0x00000000075f0000 - 0x00000000075fb000 	C:\Program Files\MATLAB\R2013a\bin\win64\libmwompwrapper.dll
0x000007fcb4b40000 - 0x000007fcb4b47000 	C:\Windows\SYSTEM32\MSIMG32.dll
0x0000000007600000 - 0x0000000007610000 	C:\Program Files\MATLAB\R2013a\bin\win64\libmwmfl_rng.dll
0x0000000074c10000 - 0x0000000074cf8000 	C:\Program Files\MATLAB\R2013a\bin\win64\libmwmathcore.dll
0x000000007a2f0000 - 0x000000007a307000 	C:\Program Files\MATLAB\R2013a\bin\win64\ir_xfmr.dll
0x0000000007610000 - 0x0000000007620000 	C:\Program Files\MATLAB\R2013a\bin\win64\mtok.dll
0x0000000007620000 - 0x000000000762c000 	C:\Program Files\MATLAB\R2013a\bin\win64\libmwplatform_res.dll
0x000007fcb6580000 - 0x000007fcb6616000 	C:\Windows\SYSTEM32\SHCORE.DLL
0x0000000075ea0000 - 0x0000000075f02000 	C:\Program Files\MATLAB\R2013a\bin\win64\libmwcholmod.dll
0x0000000007650000 - 0x000000000765d000 	C:\Program Files\MATLAB\R2013a\bin\win64\libmwamd.dll
0x0000000007660000 - 0x000000000766c000 	C:\Program Files\MATLAB\R2013a\bin\win64\libmwcolamd.dll
0x000000007a290000 - 0x000000007a2a3000 	C:\Program Files\MATLAB\R2013a\bin\win64\libmwblas.dll
0x0000000007670000 - 0x0000000007713000 	C:\Windows\WinSxS\amd64_microsoft.vc90.crt_1fc8b3b9a1e18e3b_9.0.30729.6871_none_08e717a5a83adddf\MSVCR90.dll
0x000007fcb7c90000 - 0x000007fcb7cc9000 	C:\Windows\system32\IMM32.DLL
0x000007fcba460000 - 0x000007fcba575000 	C:\Windows\system32\MSCTF.dll
0x000007fcb6220000 - 0x000007fcb6306000 	C:\Windows\SYSTEM32\UxTheme.dll
0x000007fcb5470000 - 0x000007fcb5491000 	C:\Windows\system32\dwmapi.dll
0x0000000007850000 - 0x000000000785d000 	C:\Program Files\MATLAB\R2013a\bin\win64\MFC100ENU.DLL
0x00000000098e0000 - 0x000000000992e000 	C:\Program Files\MATLAB\R2013a\bin\win64\MVMLocal.dll
0x000007fcb7430000 - 0x000007fcb7445000 	C:\Windows\SYSTEM32\profapi.dll
0x0000000009b30000 - 0x0000000009b3d000 	C:\Program Files\MATLAB\R2013a\bin\win64\xmlxrcsc.dll
0x000007fcb7270000 - 0x000007fcb727a000 	C:\Windows\SYSTEM32\CRYPTBASE.dll
0x000007fcb7210000 - 0x000007fcb726c000 	C:\Windows\SYSTEM32\bcryptPrimitives.dll

VM Arguments:
jvm_args: -XX:PermSize=32m -Xms64m -XX:NewRatio=3 -XX:MaxPermSize=128m -Xmx196m -XX:MaxDirectMemorySize=2147400000 -Dsun.java2d.noddraw=true -Dsun.awt.nopixfmt=true -Xshare:off -Xrs -Dsun.awt.disableMixing=true -Djava.library.path=C:\Program Files\MATLAB\R2013a\bin\win64;C:\Program Files\MATLAB\R2013a\sys\jxbrowser\win64\lib vfprintf abort -XX:ParallelGCThreads=6 
java_command: <unknown>
Launcher Type: generic

Environment Variables:
PATH=C:\Windows\system32;C:\Windows;C:\Windows\System32\Wbem;C:\Windows\System32\WindowsPowerShell\v1.0\;C:\Program Files (x86)\Microsoft SQL Server\80\Tools\Binn\;C:\Program Files\MATLAB\R2013a\runtime\win64;C:\Program Files\MATLAB\R2013a\bin
USERNAME=YHOU0_000
OS=Windows_NT
PROCESSOR_IDENTIFIER=Intel64 Family 6 Model 26 Stepping 5, GenuineIntel



---------------  S Y S T E M  ---------------

OS: Windows NT 6.2 Build 9200 

CPU:total 8 (8 cores per cpu, 2 threads per core) family 6 model 26 stepping 5, cmov, cx8, fxsr, mmx, sse, sse2, sse3, ssse3, sse4.1, sse4.2, ht

Memory: 4k page, physical 12573808k(9155960k free), swap 12573808k(8685688k free)

vm_info: Java HotSpot(TM) 64-Bit Server VM (14.3-b01) for windows-amd64 JRE (1.6.0_17-b04), built on Oct 11 2009 00:46:08 by "java_re" with MS VC++ 8.0

time: Tue Jul 08 12:44:56 2014
elapsed time: 12446 seconds

